SF:lib/app/product/infrastructure/complete_product_list_repository.dart
DA:6,1
DA:8,1
DA:10,2
DA:13,2
DA:14,1
DA:15,1
DA:16,1
DA:17,1
DA:18,1
DA:20,1
DA:26,1
DA:32,0
DA:34,0
DA:36,0
DA:38,0
LF:15
LH:11
end_of_record
SF:lib/app/product/application/complete_product_list_usecase.dart
DA:9,1
DA:11,1
DA:14,2
DA:17,3
DA:18,1
DA:19,1
DA:20,1
DA:21,1
DA:22,0
DA:24,1
DA:25,1
DA:27,2
DA:32,1
DA:34,2
DA:35,1
DA:38,2
DA:40,1
DA:42,2
LF:18
LH:17
end_of_record
SF:lib/app/product/application/in_progress_product_list_usecase.dart
DA:10,1
DA:12,1
DA:15,2
DA:18,3
DA:19,1
DA:20,1
DA:21,1
DA:22,1
DA:23,2
DA:25,1
DA:26,1
DA:28,0
DA:33,0
DA:35,0
DA:36,0
DA:39,0
DA:40,0
DA:42,0
DA:47,0
DA:50,0
DA:51,0
DA:52,0
DA:53,0
DA:54,0
DA:55,0
DA:57,0
DA:59,0
LF:27
LH:11
end_of_record
SF:lib/app/product/infrastructure/in_progress_product_list_repository.dart
DA:7,0
DA:9,0
DA:11,0
DA:14,0
DA:15,0
DA:16,0
DA:17,0
DA:18,0
DA:19,0
DA:21,0
DA:27,0
DA:33,0
DA:35,0
DA:37,0
DA:45,0
DA:46,0
DA:47,0
DA:48,0
DA:49,0
DA:50,0
DA:51,0
DA:55,0
DA:57,0
DA:59,0
DA:61,0
LF:25
LH:0
end_of_record
